0	1	mikroCARM.exe -MSF -DBG -pMK64FN1M0XXX12 -BIN -DL -SSA -O11111114 -fo120 -N"C:\Users\Marko\Desktop\Projekti\GSM\OLED096.mcpar" -SP"D:\Program Files (x86)\MikroC PRO for ARM\Defs\" -SP"D:\Program Files (x86)\MikroC PRO for ARM\Uses\NXP M4\" -SP"C:\Users\Marko\Desktop\Projekti\GSM\" -IP"D:\Program Files (x86)\MikroC PRO for ARM\Uses\NXP M4\" "main.c" "uart5.c" "OLED_096.c" "uart2.c" "__Lib_Math.emcl" "__Lib_MathDouble.emcl" "__Lib_Delays.emcl" "__Lib_System.emcl" "__Lib_GPIO_MK64_Defs.emcl" "__Lib_GPIO.emcl" "__Lib_CType.emcl" "__Lib_CString.emcl" "__Lib_CStdlib.emcl" "__Lib_I2C_012.emcl" "__Lib_UART_012345.emcl"	 
diagnostics: 0	122	Compilation Started	stdint.h
hint: 0	1004	interrupt handler (INT_UART2_RX at 0x0033)	main.c
diagnostics: 233	123	Compiled Successfully	main.c
diagnostics: 0	122	Compilation Started	stdint.h
diagnostics: 107	123	Compiled Successfully	uart5.c
diagnostics: 0	122	Compilation Started	stdint.h
warning: 208	1505	Suspicious pointer conversion	OLED_096.c
warning: 275	1505	Suspicious pointer conversion	OLED_096.c
diagnostics: 1135	123	Compiled Successfully	OLED_096.c
hint: 259	1164	Variable 'y_row' has been eliminated by optimizer	OLED_096.c
diagnostics: 0	122	Compilation Started	stdint.h
diagnostics: 75	123	Compiled Successfully	uart2.c
diagnostics: 0	127	All files Compiled in 391 ms	 
hint: 0	1144	Used RX: 16 (100%)   Free RX: 0 (0%)	Used RX: 16 (100%)   Free RX: 0 (0%)
hint: 0	1144	Static RAM (bytes): 519   Dynamic RAM (bytes): 130549	Static RAM (bytes): 519   Dynamic RAM (bytes): 130549
hint: 0	1144	Used ROM (bytes): 10767 (1%)  Free ROM (bytes): 1037809 (99%)	Used ROM (bytes): 10767 (1%)  Free ROM (bytes): 1037809 (99%)
diagnostics: 0	125	Project Linked Successfully	OLED096.mcpar
diagnostics: 0	128	Linked in 812 ms	 
diagnostics: 0	129	Project 'OLED096.mcpar' completed: 1500 ms	 
diagnostics: 0	103	Finished successfully: 15 jun 2024, 17:49:44	OLED096.mcpar
