0	1	mikroCARM.exe -MSF -DBG -pMK64FN1M0XXX12 -BIN -DL -SSA -O11111114 -fo120 -N"C:\Users\Marko\Desktop\M2M\Projekat v1\MyProject.mcpar" -SP"D:\Program Files (x86)\MikroC PRO for ARM\Defs\" -SP"D:\Program Files (x86)\MikroC PRO for ARM\Uses\NXP M4\" -SP"C:\Users\Marko\Desktop\M2M\Projekat v1\" -IP"D:\Program Files (x86)\MikroC PRO for ARM\Uses\NXP M4\" "MyProject_main.c" "MyProject_events_code.c" "MyProject_driver.c" "MyProject_resources.c" "Timer2.c" "__Lib_Math.emcl" "__Lib_MathDouble.emcl" "__Lib_Delays.emcl" "__Lib_System.emcl" "__Lib_GPIO_MK64_Defs.emcl" "__Lib_GPIO.emcl" "__Lib_CString.emcl" "__Lib_Conversions.emcl" "__Lib_I2C_012.emcl" "__Lib_TFT.emcl" "__Lib_TFT_Defs.emcl" "__Lib_FT5XX6_gesture_decoder.emcl" "__Lib_FT5XX6.emcl"	 
diagnostics: 0	122	Compilation Started	myproject_objects.h
diagnostics: 31	123	Compiled Successfully	MyProject_main.c
diagnostics: 0	122	Compilation Started	myproject_objects.h
hint: 0	1004	interrupt handler (Timer2_interrupt at 0x0042)	MyProject_events_code.c
diagnostics: 453	123	Compiled Successfully	MyProject_events_code.c
diagnostics: 0	122	Compilation Started	myproject_objects.h
diagnostics: 1774	123	Compiled Successfully	MyProject_driver.c
diagnostics: 0	122	Compilation Started	MyProject_resources.c
diagnostics: 9058	123	Compiled Successfully	MyProject_resources.c
diagnostics: 0	122	Compilation Started	timer2.h
diagnostics: 23	123	Compiled Successfully	Timer2.c
hint: 9	1164	Variable 'Y' has been eliminated by optimizer	Timer2.c
hint: 10	1164	Variable 'X' has been eliminated by optimizer	Timer2.c
diagnostics: 0	127	All files Compiled in 1531 ms	 
hint: 0	1144	Used RX: 16 (100%)   Free RX: 0 (0%)	Used RX: 16 (100%)   Free RX: 0 (0%)
hint: 0	1144	Static RAM (bytes): 3131   Dynamic RAM (bytes): 127937	Static RAM (bytes): 3131   Dynamic RAM (bytes): 127937
hint: 0	1144	Used ROM (bytes): 185623 (18%)  Free ROM (bytes): 862953 (82%)	Used ROM (bytes): 185623 (18%)  Free ROM (bytes): 862953 (82%)
diagnostics: 0	125	Project Linked Successfully	MyProject.mcpar
diagnostics: 0	128	Linked in 906 ms	 
diagnostics: 0	129	Project 'MyProject.mcpar' completed: 2750 ms	 
diagnostics: 0	103	Finished successfully: 14 jun 2024, 20:54:19	MyProject.mcpar
